<?xml version="1.0" encoding="UTF-8"?>
<!-- Generated by org.testng.reporters.JUnitReportReporter -->
<testsuite hostname="Ankurs-MacBook-Air.local" failures="0" tests="1" name="testCases.TC_002_LoginTest" time="5.348" errors="0" timestamp="2025-02-24T01:28:29 IST" skipped="0">
  <testcase classname="testCases.TC_002_LoginTest" name="verify_login" time="5.348"/>
</testsuite> <!-- testCases.TC_002_LoginTest -->
