<?xml version="1.0" encoding="UTF-8"?>
<!-- Generated by org.testng.reporters.JUnitReportReporter -->
<testsuite hostname="Ankurs-MacBook-Air.local" failures="0" tests="1" name="testCases.TC_001_AccountRegistrationTest" time="7.326" errors="0" timestamp="2025-02-24T01:34:10 IST" skipped="0">
  <testcase classname="testCases.TC_001_AccountRegistrationTest" name="verify_acccount_registration" time="7.326"/>
</testsuite> <!-- testCases.TC_001_AccountRegistrationTest -->
