<?xml version="1.0" encoding="UTF-8"?>
<!-- Generated by org.testng.reporters.JUnitReportReporter -->
<testsuite hostname="Ankurs-MacBook-Air.local" failures="0" tests="1" name="testCases.TC_001_AccountRegistrationTest" time="8.176" errors="0" timestamp="2025-03-04T02:16:32 IST" skipped="0">
  <testcase classname="testCases.TC_001_AccountRegistrationTest" name="verify_acccount_registration" time="8.176"/>
</testsuite> <!-- testCases.TC_001_AccountRegistrationTest -->
